PlanA/TimetableView/build/intermediates/manifest_merge_blame_file/debug/manifest-merger-blame-debug-report.txt
1<?xml version="1.0" encoding="utf-8"?>
2<manifest xmlns:android="http://schemas.android.com/apk/res/android"
3    package="com.zhuangfei.android_timetableview.sample"
4    android:versionCode="27"
5    android:versionName="2.0.7" > <!-- <uses-sdk -->
6    <!-- android:minSdkVersion="14" -->
7    <!-- android:targetSdkVersion="19" /> -->
8    <uses-sdk
9        android:minSdkVersion="27"
9-->PlanA/TimetableView/AndroidManifest.xml
10        android:targetSdkVersion="31" />
10-->PlanA/TimetableView/AndroidManifest.xml
11
12</manifest>